<?xml version="1.0" encoding="UTF-8"?>
<testsuite name="crypt.impl.certificate.X509V3GeneratorTest" tests="8" skipped="0" failures="0" errors="0" timestamp="2017-11-26T10:36:36" hostname="rexmint" time="0.173">
  <properties/>
  <testcase name="testGetKeysPairException" classname="crypt.impl.certificate.X509V3GeneratorTest" time="0.003"/>
  <testcase name="testStoreInKeystore" classname="crypt.impl.certificate.X509V3GeneratorTest" time="0.046"/>
  <testcase name="testCreateChainCertificate" classname="crypt.impl.certificate.X509V3GeneratorTest" time="0.058"/>
  <testcase name="testCreateCertificateException" classname="crypt.impl.certificate.X509V3GeneratorTest" time="0.001"/>
  <testcase name="testCreateCertificateAndGetters" classname="crypt.impl.certificate.X509V3GeneratorTest" time="0.061"/>
  <testcase name="testBadInitFile" classname="crypt.impl.certificate.X509V3GeneratorTest" time="0.0"/>
  <testcase name="testBadInitFile2" classname="crypt.impl.certificate.X509V3GeneratorTest" time="0.001"/>
  <testcase name="testGetInstance" classname="crypt.impl.certificate.X509V3GeneratorTest" time="0.001"/>
  <system-out><![CDATA[]]></system-out>
  <system-err><![CDATA[nov. 26, 2017 11:36:36 AM net.jxta.logging.Logging logCheckedSevere
GRAVE: Line 1421 net.jxta.impl.rendezvous.rpv.PeerView.rescheduleKick()
Cannot set timer. RPV will not work.
java.util.concurrent.RejectedExecutionException: Task java.util.concurrent.ScheduledThreadPoolExecutor$ScheduledFutureTask@517e441c rejected from java.util.concurrent.ScheduledThreadPoolExecutor@314d25ec[Terminated, pool size = 0, active threads = 0, queued tasks = 0, completed tasks = 3]
Line 2063 java.util.concurrent.ThreadPoolExecutor$AbortPolicy.rejectedExecution()
Line 830 java.util.concurrent.ThreadPoolExecutor.reject()
Line 326 java.util.concurrent.ScheduledThreadPoolExecutor.delayedExecute()
Line 533 java.util.concurrent.ScheduledThreadPoolExecutor.schedule()
Line 729 java.util.concurrent.Executors$DelegatedScheduledExecutorService.schedule()
Line 124 net.jxta.impl.util.threads.ProxiedScheduledExecutorService.schedule()
Line 930 net.jxta.impl.rendezvous.rpv.PeerView.addTask()
Line 1417 net.jxta.impl.rendezvous.rpv.PeerView.rescheduleKick()
Line 1303 net.jxta.impl.rendezvous.rpv.PeerView.notifyFailure()
Line 380 net.jxta.impl.rendezvous.rpv.PeerViewElement.getCachedMessenger()
Line 292 net.jxta.impl.rendezvous.rpv.PeerViewElement.sendMessage()
Line 1101 net.jxta.impl.rendezvous.rpv.PeerView.send()
Line 740 net.jxta.impl.rendezvous.rpv.PeerView.handlePeerViewMessage()
Line 666 net.jxta.impl.rendezvous.rpv.PeerView.processIncomingMessage()
Line 1024 net.jxta.impl.endpoint.EndpointServiceImpl.processIncomingMessage()
Line 767 net.jxta.impl.endpoint.mcast.McastTransport.processMulticast()
Line 890 net.jxta.impl.endpoint.mcast.McastTransport$DatagramProcessor.run()
Line 17 net.jxta.impl.util.threads.RunnableAsCallableWrapper.call()
Line 50 net.jxta.impl.util.threads.RunMetricsWrapper.call()
Line 34 net.jxta.impl.util.threads.QueueTimeRunMetricsWrapper.call()
Line 93 net.jxta.impl.util.threads.RunMetricsWrapper.run()
Line 9 net.jxta.impl.util.threads.QueueTimeRunMetricsWrapper.run()
Line 1149 java.util.concurrent.ThreadPoolExecutor.runWorker()
Line 624 java.util.concurrent.ThreadPoolExecutor$Worker.run()
Line 748 java.lang.Thread.run()

nov. 26, 2017 11:36:36 AM net.jxta.logging.Logging logCheckedSevere
GRAVE: Line 1421 net.jxta.impl.rendezvous.rpv.PeerView.rescheduleKick()
Cannot set timer. RPV will not work.
java.util.concurrent.RejectedExecutionException: Task java.util.concurrent.ScheduledThreadPoolExecutor$ScheduledFutureTask@a8e934b rejected from java.util.concurrent.ScheduledThreadPoolExecutor@41dc3b9f[Terminated, pool size = 0, active threads = 0, queued tasks = 0, completed tasks = 3]
Line 2063 java.util.concurrent.ThreadPoolExecutor$AbortPolicy.rejectedExecution()
Line 830 java.util.concurrent.ThreadPoolExecutor.reject()
Line 326 java.util.concurrent.ScheduledThreadPoolExecutor.delayedExecute()
Line 533 java.util.concurrent.ScheduledThreadPoolExecutor.schedule()
Line 729 java.util.concurrent.Executors$DelegatedScheduledExecutorService.schedule()
Line 124 net.jxta.impl.util.threads.ProxiedScheduledExecutorService.schedule()
Line 930 net.jxta.impl.rendezvous.rpv.PeerView.addTask()
Line 1417 net.jxta.impl.rendezvous.rpv.PeerView.rescheduleKick()
Line 1303 net.jxta.impl.rendezvous.rpv.PeerView.notifyFailure()
Line 380 net.jxta.impl.rendezvous.rpv.PeerViewElement.getCachedMessenger()
Line 292 net.jxta.impl.rendezvous.rpv.PeerViewElement.sendMessage()
Line 1101 net.jxta.impl.rendezvous.rpv.PeerView.send()
Line 740 net.jxta.impl.rendezvous.rpv.PeerView.handlePeerViewMessage()
Line 666 net.jxta.impl.rendezvous.rpv.PeerView.processIncomingMessage()
Line 1024 net.jxta.impl.endpoint.EndpointServiceImpl.processIncomingMessage()
Line 767 net.jxta.impl.endpoint.mcast.McastTransport.processMulticast()
Line 890 net.jxta.impl.endpoint.mcast.McastTransport$DatagramProcessor.run()
Line 17 net.jxta.impl.util.threads.RunnableAsCallableWrapper.call()
Line 50 net.jxta.impl.util.threads.RunMetricsWrapper.call()
Line 34 net.jxta.impl.util.threads.QueueTimeRunMetricsWrapper.call()
Line 93 net.jxta.impl.util.threads.RunMetricsWrapper.run()
Line 9 net.jxta.impl.util.threads.QueueTimeRunMetricsWrapper.run()
Line 1149 java.util.concurrent.ThreadPoolExecutor.runWorker()
Line 624 java.util.concurrent.ThreadPoolExecutor$Worker.run()
Line 748 java.lang.Thread.run()

nov. 26, 2017 11:36:36 AM net.jxta.logging.Logging logCheckedSevere
GRAVE: Line 1421 net.jxta.impl.rendezvous.rpv.PeerView.rescheduleKick()
Cannot set timer. RPV will not work.
java.util.concurrent.RejectedExecutionException: Task java.util.concurrent.ScheduledThreadPoolExecutor$ScheduledFutureTask@49ea0100 rejected from java.util.concurrent.ScheduledThreadPoolExecutor@5c67f243[Terminated, pool size = 0, active threads = 0, queued tasks = 0, completed tasks = 3]
Line 2063 java.util.concurrent.ThreadPoolExecutor$AbortPolicy.rejectedExecution()
Line 830 java.util.concurrent.ThreadPoolExecutor.reject()
Line 326 java.util.concurrent.ScheduledThreadPoolExecutor.delayedExecute()
Line 533 java.util.concurrent.ScheduledThreadPoolExecutor.schedule()
Line 729 java.util.concurrent.Executors$DelegatedScheduledExecutorService.schedule()
Line 124 net.jxta.impl.util.threads.ProxiedScheduledExecutorService.schedule()
Line 930 net.jxta.impl.rendezvous.rpv.PeerView.addTask()
Line 1417 net.jxta.impl.rendezvous.rpv.PeerView.rescheduleKick()
Line 1303 net.jxta.impl.rendezvous.rpv.PeerView.notifyFailure()
Line 380 net.jxta.impl.rendezvous.rpv.PeerViewElement.getCachedMessenger()
Line 292 net.jxta.impl.rendezvous.rpv.PeerViewElement.sendMessage()
Line 1101 net.jxta.impl.rendezvous.rpv.PeerView.send()
Line 740 net.jxta.impl.rendezvous.rpv.PeerView.handlePeerViewMessage()
Line 666 net.jxta.impl.rendezvous.rpv.PeerView.processIncomingMessage()
Line 1024 net.jxta.impl.endpoint.EndpointServiceImpl.processIncomingMessage()
Line 767 net.jxta.impl.endpoint.mcast.McastTransport.processMulticast()
Line 890 net.jxta.impl.endpoint.mcast.McastTransport$DatagramProcessor.run()
Line 17 net.jxta.impl.util.threads.RunnableAsCallableWrapper.call()
Line 50 net.jxta.impl.util.threads.RunMetricsWrapper.call()
Line 34 net.jxta.impl.util.threads.QueueTimeRunMetricsWrapper.call()
Line 93 net.jxta.impl.util.threads.RunMetricsWrapper.run()
Line 9 net.jxta.impl.util.threads.QueueTimeRunMetricsWrapper.run()
Line 1149 java.util.concurrent.ThreadPoolExecutor.runWorker()
Line 624 java.util.concurrent.ThreadPoolExecutor$Worker.run()
Line 748 java.lang.Thread.run()

]]></system-err>
</testsuite>
