<?xml version="1.0" encoding="UTF-8"?>
<testsuite name="model.entity.sigma.ResponsesCCDTest" tests="2" skipped="0" failures="0" errors="0" timestamp="2017-11-26T10:36:41" hostname="rexmint" time="0.079">
  <properties/>
  <testcase name="verifyTest" classname="model.entity.sigma.ResponsesCCDTest" time="0.049"/>
  <testcase name="equalTest" classname="model.entity.sigma.ResponsesCCDTest" time="0.03"/>
  <system-out><![CDATA[]]></system-out>
  <system-err><![CDATA[]]></system-err>
</testsuite>
