<?xml version="1.0" encoding="UTF-8"?>
<testsuite name="protocol.impl.sigma.ReceiverTest" tests="2" skipped="0" failures="0" errors="0" timestamp="2017-11-26T10:36:56" hostname="rexmint" time="0.101">
  <properties/>
  <testcase name="singleResponseVerifyTest" classname="protocol.impl.sigma.ReceiverTest" time="0.038"/>
  <testcase name="multipleResponseVerifyTest" classname="protocol.impl.sigma.ReceiverTest" time="0.063"/>
  <system-out><![CDATA[]]></system-out>
  <system-err><![CDATA[]]></system-err>
</testsuite>
