<?xml version="1.0" encoding="UTF-8"?>
<testsuite name="protocol.impl.sigma.PCSTest" tests="4" skipped="0" failures="0" errors="0" timestamp="2017-11-26T10:36:56" hostname="rexmint" time="0.065">
  <properties/>
  <testcase name="TestAa" classname="protocol.impl.sigma.PCSTest" time="0.016"/>
  <testcase name="TestAb" classname="protocol.impl.sigma.PCSTest" time="0.016"/>
  <testcase name="TestBa" classname="protocol.impl.sigma.PCSTest" time="0.017"/>
  <testcase name="TestBb" classname="protocol.impl.sigma.PCSTest" time="0.016"/>
  <system-out><![CDATA[---- Begining ----
 -->No need to worry, the following 3 lines are meant to be
---- END ----

---- Begining ----
 -->No need to worry, the following 3 lines are meant to be
---- END ----
]]></system-out>
  <system-err><![CDATA[]]></system-err>
</testsuite>
