<?xml version="1.0" encoding="UTF-8"?>
<testsuite name="model.entity.sigma.AndTest" tests="4" skipped="0" failures="0" errors="0" timestamp="2017-11-26T10:36:41" hostname="rexmint" time="0.145">
  <properties/>
  <testcase name="trueVerifyTest" classname="model.entity.sigma.AndTest" time="0.059"/>
  <testcase name="toStringTest" classname="model.entity.sigma.AndTest" time="0.028"/>
  <testcase name="falseVerifyTest2" classname="model.entity.sigma.AndTest" time="0.03"/>
  <testcase name="falseVerifyTest" classname="model.entity.sigma.AndTest" time="0.028"/>
  <system-out><![CDATA[There is a problem in signatures
the challenge is fabricated
the challenge is fabricated
]]></system-out>
  <system-err><![CDATA[]]></system-err>
</testsuite>
