<?xml version="1.0" encoding="UTF-8"?>
<testsuite name="crypt.utils.BigIntegerRandomTest" tests="1" skipped="0" failures="0" errors="0" timestamp="2017-11-26T10:36:37" hostname="rexmint" time="0.0">
  <properties/>
  <testcase name="testRand" classname="crypt.utils.BigIntegerRandomTest" time="0.0"/>
  <system-out><![CDATA[]]></system-out>
  <system-err><![CDATA[]]></system-err>
</testsuite>
