<?xml version="1.0" encoding="UTF-8"?>
<testsuite name="rest.impl.SimpleAuthentifierTest" tests="1" skipped="0" failures="0" errors="0" timestamp="2017-11-26T10:36:33" hostname="rexmint" time="0.014">
  <properties/>
  <testcase name="idsGetterTest" classname="rest.impl.SimpleAuthentifierTest" time="0.014"/>
  <system-out><![CDATA[]]></system-out>
  <system-err><![CDATA[]]></system-err>
</testsuite>
