<?xml version="1.0" encoding="UTF-8"?>
<testsuite name="network.impl.advertisement.ItemAdvertisementTest" tests="4" skipped="0" failures="0" errors="0" timestamp="2017-11-26T10:36:23" hostname="rexmint" time="0.023">
  <properties/>
  <testcase name="getterTest" classname="network.impl.advertisement.ItemAdvertisementTest" time="0.001"/>
  <testcase name="classAnnotationsTest" classname="network.impl.advertisement.ItemAdvertisementTest" time="0.002"/>
  <testcase name="publishTest" classname="network.impl.advertisement.ItemAdvertisementTest" time="0.019"/>
  <testcase name="fieldsAnnotationsTest" classname="network.impl.advertisement.ItemAdvertisementTest" time="0.0"/>
  <system-out><![CDATA[Group created !
creating new group ..
]]></system-out>
  <system-err><![CDATA[]]></system-err>
</testsuite>
