<?xml version="1.0" encoding="UTF-8"?>
<testsuite name="model.entity.sigma.ResponsesSchnorrTest" tests="2" skipped="0" failures="0" errors="0" timestamp="2017-11-26T10:36:41" hostname="rexmint" time="0.016">
  <properties/>
  <testcase name="verifyTest" classname="model.entity.sigma.ResponsesSchnorrTest" time="0.008"/>
  <testcase name="equalTest" classname="model.entity.sigma.ResponsesSchnorrTest" time="0.007"/>
  <system-out><![CDATA[]]></system-out>
  <system-err><![CDATA[]]></system-err>
</testsuite>
