<?xml version="1.0" encoding="UTF-8"?>
<testsuite name="model.entity.LoginTokenTest" tests="2" skipped="0" failures="0" errors="0" timestamp="2017-11-26T10:36:41" hostname="rexmint" time="0.001">
  <properties/>
  <testcase name="classAnnotationsTest" classname="model.entity.LoginTokenTest" time="0.001"/>
  <testcase name="gettersTest" classname="model.entity.LoginTokenTest" time="0.0"/>
  <system-out><![CDATA[]]></system-out>
  <system-err><![CDATA[]]></system-err>
</testsuite>
