<?xml version="1.0" encoding="UTF-8"?>
<testsuite name="model.entity.sigma.OrTest" tests="3" skipped="0" failures="0" errors="0" timestamp="2017-11-26T10:36:41" hostname="rexmint" time="0.123">
  <properties/>
  <testcase name="badVerifyTest" classname="model.entity.sigma.OrTest" time="0.051"/>
  <testcase name="goodVerifyTest" classname="model.entity.sigma.OrTest" time="0.046"/>
  <testcase name="getterSetterTest" classname="model.entity.sigma.OrTest" time="0.026"/>
  <system-out><![CDATA[]]></system-out>
  <system-err><![CDATA[]]></system-err>
</testsuite>
