<?xml version="1.0" encoding="UTF-8"?>
<testsuite name="crypt.impl.encryption.SerpentEncrypterTest" tests="12" skipped="0" failures="0" errors="0" timestamp="2017-11-26T10:36:34" hostname="rexmint" time="0.011">
  <properties/>
  <testcase name="testEncrypt[0]" classname="crypt.impl.encryption.SerpentEncrypterTest" time="0.008"/>
  <testcase name="testEncryptExceptions1[0]" classname="crypt.impl.encryption.SerpentEncrypterTest" time="0.0"/>
  <testcase name="testEncryptExceptions2[0]" classname="crypt.impl.encryption.SerpentEncrypterTest" time="0.0"/>
  <testcase name="testEncrypt[1]" classname="crypt.impl.encryption.SerpentEncrypterTest" time="0.001"/>
  <testcase name="testEncryptExceptions1[1]" classname="crypt.impl.encryption.SerpentEncrypterTest" time="0.0"/>
  <testcase name="testEncryptExceptions2[1]" classname="crypt.impl.encryption.SerpentEncrypterTest" time="0.0"/>
  <testcase name="testEncrypt[2]" classname="crypt.impl.encryption.SerpentEncrypterTest" time="0.001"/>
  <testcase name="testEncryptExceptions1[2]" classname="crypt.impl.encryption.SerpentEncrypterTest" time="0.0"/>
  <testcase name="testEncryptExceptions2[2]" classname="crypt.impl.encryption.SerpentEncrypterTest" time="0.0"/>
  <testcase name="testEncrypt[3]" classname="crypt.impl.encryption.SerpentEncrypterTest" time="0.001"/>
  <testcase name="testEncryptExceptions1[3]" classname="crypt.impl.encryption.SerpentEncrypterTest" time="0.0"/>
  <testcase name="testEncryptExceptions2[3]" classname="crypt.impl.encryption.SerpentEncrypterTest" time="0.0"/>
  <system-out><![CDATA[]]></system-out>
  <system-err><![CDATA[]]></system-err>
</testsuite>
