<?xml version="1.0" encoding="UTF-8"?>
<testsuite name="model.validator.ItemValidatorTest" tests="7" skipped="0" failures="0" errors="0" timestamp="2017-11-26T10:36:37" hostname="rexmint" time="0.131">
  <properties/>
  <testcase name="signatureValidationTest" classname="model.validator.ItemValidatorTest" time="0.011"/>
  <testcase name="badUsernameValidationTest" classname="model.validator.ItemValidatorTest" time="0.036"/>
  <testcase name="badTitleValidationTest" classname="model.validator.ItemValidatorTest" time="0.031"/>
  <testcase name="badpbKeyValidationTest" classname="model.validator.ItemValidatorTest" time="0.01"/>
  <testcase name="badDateValidationTest" classname="model.validator.ItemValidatorTest" time="0.009"/>
  <testcase name="badDescriptionValidationTest" classname="model.validator.ItemValidatorTest" time="0.024"/>
  <testcase name="badUseridValidationTest" classname="model.validator.ItemValidatorTest" time="0.007"/>
  <system-out><![CDATA[]]></system-out>
  <system-err><![CDATA[]]></system-err>
</testsuite>
