<?xml version="1.0" encoding="UTF-8"?>
<testsuite name="crypt.impl.key.ElGamalAsymKeyTest" tests="10" skipped="0" failures="0" errors="0" timestamp="2017-11-26T10:36:34" hostname="rexmint" time="0.002">
  <properties/>
  <testcase name="test[0]" classname="crypt.impl.key.ElGamalAsymKeyTest" time="0.001"/>
  <testcase name="test[1]" classname="crypt.impl.key.ElGamalAsymKeyTest" time="0.0"/>
  <testcase name="test[2]" classname="crypt.impl.key.ElGamalAsymKeyTest" time="0.0"/>
  <testcase name="test[3]" classname="crypt.impl.key.ElGamalAsymKeyTest" time="0.0"/>
  <testcase name="test[4]" classname="crypt.impl.key.ElGamalAsymKeyTest" time="0.0"/>
  <testcase name="test[5]" classname="crypt.impl.key.ElGamalAsymKeyTest" time="0.0"/>
  <testcase name="test[6]" classname="crypt.impl.key.ElGamalAsymKeyTest" time="0.0"/>
  <testcase name="test[7]" classname="crypt.impl.key.ElGamalAsymKeyTest" time="0.0"/>
  <testcase name="test[8]" classname="crypt.impl.key.ElGamalAsymKeyTest" time="0.0"/>
  <testcase name="test[9]" classname="crypt.impl.key.ElGamalAsymKeyTest" time="0.0"/>
  <system-out><![CDATA[]]></system-out>
  <system-err><![CDATA[]]></system-err>
</testsuite>
