<?xml version="1.0" encoding="UTF-8"?>
<testsuite name="protocol.impl.sigma.SigmaClausesTest" tests="4" skipped="0" failures="0" errors="0" timestamp="2017-11-26T10:36:56" hostname="rexmint" time="0.0">
  <properties/>
  <testcase name="getHashableDataTest" classname="protocol.impl.sigma.SigmaClausesTest" time="0.0"/>
  <testcase name="getClausesTest" classname="protocol.impl.sigma.SigmaClausesTest" time="0.0"/>
  <testcase name="getSetTest" classname="protocol.impl.sigma.SigmaClausesTest" time="0.0"/>
  <testcase name="equalTest" classname="protocol.impl.sigma.SigmaClausesTest" time="0.0"/>
  <system-out><![CDATA[]]></system-out>
  <system-err><![CDATA[]]></system-err>
</testsuite>
