<?xml version="1.0" encoding="UTF-8"?>
<testsuite name="protocol.impl.sigma.FabricTest" tests="1" skipped="0" failures="0" errors="0" timestamp="2017-11-26T10:36:58" hostname="rexmint" time="0.034">
  <properties/>
  <testcase name="sendResponsesTest" classname="protocol.impl.sigma.FabricTest" time="0.034"/>
  <system-out><![CDATA[]]></system-out>
  <system-err><![CDATA[nov. 26, 2017 11:36:58 AM net.jxta.logging.Logging logCheckedSevere
GRAVE: Line 2035 net.jxta.impl.rendezvous.rpv.PeerView$WatchdogTask.run()
Uncaught Throwable in thread :JxtaWorker-5
java.io.IOException: Failed to write Adv/cbid-7316C8B2E74840D997E9D30BBC28ECF490E001A76A9C4843BF62B497E864CE7C90E001A76A9C5843BF623497E864CE7C95C37B8201 300000 150000
Line 760 net.jxta.impl.cm.XIndiceAdvertisementCache.save()
Line 270 net.jxta.impl.cm.CacheManager.save()
Line 735 net.jxta.impl.discovery.DiscoveryServiceImpl.publish()
Line 1994 net.jxta.impl.rendezvous.rpv.PeerView$WatchdogTask.run()
Line 17 net.jxta.impl.util.threads.RunnableAsCallableWrapper.call()
Line 50 net.jxta.impl.util.threads.RunMetricsWrapper.call()
Line 34 net.jxta.impl.util.threads.QueueTimeRunMetricsWrapper.call()
Line 93 net.jxta.impl.util.threads.RunMetricsWrapper.run()
Line 9 net.jxta.impl.util.threads.QueueTimeRunMetricsWrapper.run()
Line 1149 java.util.concurrent.ThreadPoolExecutor.runWorker()
Line 624 java.util.concurrent.ThreadPoolExecutor$Worker.run()
Line 748 java.lang.Thread.run()

]]></system-err>
</testsuite>
