<?xml version="1.0" encoding="UTF-8"?>
<testsuite name="crypt.impl.signatures.SigmaSignerTest" tests="1" skipped="0" failures="0" errors="0" timestamp="2017-11-26T10:36:34" hostname="rexmint" time="0.088">
  <properties/>
  <testcase name="test" classname="crypt.impl.signatures.SigmaSignerTest" time="0.088"/>
  <system-out><![CDATA[]]></system-out>
  <system-err><![CDATA[]]></system-err>
</testsuite>
