<?xml version="1.0" encoding="UTF-8"?>
<testsuite name="network.impl.jxta.JxtaNodeTest" tests="8" skipped="0" failures="0" errors="0" timestamp="2017-11-26T10:36:24" hostname="rexmint" time="1.111">
  <properties/>
  <testcase name="isInitializedTest" classname="network.impl.jxta.JxtaNodeTest" time="0.001"/>
  <testcase name="getNetworkManagerTest" classname="network.impl.jxta.JxtaNodeTest" time="0.0"/>
  <testcase name="startUninitializedNodeExeceptionTest" classname="network.impl.jxta.JxtaNodeTest" time="0.001"/>
  <testcase name="startBadCacheNodeExitTest" classname="network.impl.jxta.JxtaNodeTest" time="0.355"/>
  <testcase name="startNodeTest" classname="network.impl.jxta.JxtaNodeTest" time="0.185"/>
  <testcase name="createGroupTest" classname="network.impl.jxta.JxtaNodeTest" time="0.031"/>
  <testcase name="stopTest" classname="network.impl.jxta.JxtaNodeTest" time="0.535"/>
  <testcase name="stopExceptionTest" classname="network.impl.jxta.JxtaNodeTest" time="0.001"/>
  <system-out><![CDATA[Group created !
Group created !
creating new group ..
creating new group ..
Group created !
]]></system-out>
  <system-err><![CDATA[nov. 26, 2017 11:36:25 AM net.jxta.logging.Logging logCheckedSevere
GRAVE: Line 600 net.jxta.impl.peergroup.StdPeerGroup.initFirst()
Failure instantiating local store
java.io.IOException: Cm cannot create directory /home/pierre/Documents/FAC/MASTER/GL/TEST/SXP/./.cache_0BEAeIy4CImLMOPCXfQt/cm/jxta-WorldGroup
Line 227 net.jxta.impl.cm.XIndiceAdvertisementCache.<init>()
Line 163 net.jxta.impl.cm.CacheManager.<init>()
Line 596 net.jxta.impl.peergroup.StdPeerGroup.initFirst()
Line 214 net.jxta.impl.peergroup.Platform.initFirst()
Line 907 net.jxta.impl.peergroup.GenericPeerGroup.init()
Line 312 net.jxta.peergroup.WorldPeerGroupFactory.newWorldPeerGroup()
Line 182 net.jxta.peergroup.WorldPeerGroupFactory.<init>()
Line 203 net.jxta.peergroup.NetPeerGroupFactory.<init>()
Line 408 net.jxta.platform.NetworkManager.startNetwork()
Line 65 network.impl.jxta.JxtaNode.start()
Line 93 network.impl.jxta.JxtaNodeTest.startBadCacheNodeExitTest()
Line -2 sun.reflect.NativeMethodAccessorImpl.invoke0()
Line 62 sun.reflect.NativeMethodAccessorImpl.invoke()
Line 43 sun.reflect.DelegatingMethodAccessorImpl.invoke()
Line 498 java.lang.reflect.Method.invoke()
Line 50 org.junit.runners.model.FrameworkMethod$1.runReflectiveCall()
Line 12 org.junit.internal.runners.model.ReflectiveCallable.run()
Line 47 org.junit.runners.model.FrameworkMethod.invokeExplosively()
Line 17 org.junit.internal.runners.statements.InvokeMethod.evaluate()
Line 239 org.junit.rules.ExpectedException$ExpectedExceptionStatement.evaluate()
Line 130 org.junit.contrib.java.lang.system.ExpectedSystemExit$1.evaluate()
Line 48 org.junit.rules.ExternalResource$1.evaluate()
Line 20 org.junit.rules.RunRules.evaluate()
Line 325 org.junit.runners.ParentRunner.runLeaf()
Line 78 org.junit.runners.BlockJUnit4ClassRunner.runChild()
Line 57 org.junit.runners.BlockJUnit4ClassRunner.runChild()
Line 290 org.junit.runners.ParentRunner$3.run()
Line 71 org.junit.runners.ParentRunner$1.schedule()
Line 288 org.junit.runners.ParentRunner.runChildren()
Line 58 org.junit.runners.ParentRunner.access$000()
Line 268 org.junit.runners.ParentRunner$2.evaluate()
Line 26 org.junit.internal.runners.statements.RunBefores.evaluate()
Line 27 org.junit.internal.runners.statements.RunAfters.evaluate()
Line 363 org.junit.runners.ParentRunner.run()
Line 105 org.gradle.api.internal.tasks.testing.junit.JUnitTestClassExecuter.runTestClass()
Line 56 org.gradle.api.internal.tasks.testing.junit.JUnitTestClassExecuter.execute()
Line 64 org.gradle.api.internal.tasks.testing.junit.JUnitTestClassProcessor.processTestClass()
Line 50 org.gradle.api.internal.tasks.testing.SuiteTestClassProcessor.processTestClass()
Line -2 sun.reflect.NativeMethodAccessorImpl.invoke0()
Line 62 sun.reflect.NativeMethodAccessorImpl.invoke()
Line 43 sun.reflect.DelegatingMethodAccessorImpl.invoke()
Line 498 java.lang.reflect.Method.invoke()
Line 35 org.gradle.messaging.dispatch.ReflectionDispatch.dispatch()
Line 24 org.gradle.messaging.dispatch.ReflectionDispatch.dispatch()
Line 32 org.gradle.messaging.dispatch.ContextClassLoaderDispatch.dispatch()
Line 93 org.gradle.messaging.dispatch.ProxyDispatchAdapter$DispatchingInvocationHandler.invoke()
Line -1 com.sun.proxy.$Proxy2.processTestClass()
Line 106 org.gradle.api.internal.tasks.testing.worker.TestWorker.processTestClass()
Line -2 sun.reflect.NativeMethodAccessorImpl.invoke0()
Line 62 sun.reflect.NativeMethodAccessorImpl.invoke()
Line 43 sun.reflect.DelegatingMethodAccessorImpl.invoke()
Line 498 java.lang.reflect.Method.invoke()
Line 35 org.gradle.messaging.dispatch.ReflectionDispatch.dispatch()
Line 24 org.gradle.messaging.dispatch.ReflectionDispatch.dispatch()
Line 360 org.gradle.messaging.remote.internal.hub.MessageHub$Handler.run()
Line 54 org.gradle.internal.concurrent.ExecutorPolicy$CatchAndRecordFailures.onExecute()
Line 40 org.gradle.internal.concurrent.StoppableExecutorImpl$1.run()
Line 1149 java.util.concurrent.ThreadPoolExecutor.runWorker()
Line 624 java.util.concurrent.ThreadPoolExecutor$Worker.run()
Line 748 java.lang.Thread.run()

nov. 26, 2017 11:36:25 AM net.jxta.peergroup.WorldPeerGroupFactory newWorldPeerGroup
GRAVE: World Peer Group could not be instantiated.

net.jxta.exception.PeerGroupException: Failure instantiating local store
	at net.jxta.impl.peergroup.StdPeerGroup.initFirst(StdPeerGroup.java:601)
	at net.jxta.impl.peergroup.Platform.initFirst(Platform.java:214)
	at net.jxta.impl.peergroup.GenericPeerGroup.init(GenericPeerGroup.java:907)
	at net.jxta.peergroup.WorldPeerGroupFactory.newWorldPeerGroup(WorldPeerGroupFactory.java:312)
	at net.jxta.peergroup.WorldPeerGroupFactory.<init>(WorldPeerGroupFactory.java:182)
	at net.jxta.peergroup.NetPeerGroupFactory.<init>(NetPeerGroupFactory.java:203)
	at net.jxta.platform.NetworkManager.startNetwork(NetworkManager.java:408)
	at network.impl.jxta.JxtaNode.start(JxtaNode.java:65)
	at network.impl.jxta.JxtaNodeTest.startBadCacheNodeExitTest(JxtaNodeTest.java:93)
	at sun.reflect.NativeMethodAccessorImpl.invoke0(Native Method)
	at sun.reflect.NativeMethodAccessorImpl.invoke(NativeMethodAccessorImpl.java:62)
	at sun.reflect.DelegatingMethodAccessorImpl.invoke(DelegatingMethodAccessorImpl.java:43)
	at java.lang.reflect.Method.invoke(Method.java:498)
	at org.junit.runners.model.FrameworkMethod$1.runReflectiveCall(FrameworkMethod.java:50)
	at org.junit.internal.runners.model.ReflectiveCallable.run(ReflectiveCallable.java:12)
	at org.junit.runners.model.FrameworkMethod.invokeExplosively(FrameworkMethod.java:47)
	at org.junit.internal.runners.statements.InvokeMethod.evaluate(InvokeMethod.java:17)
	at org.junit.rules.ExpectedException$ExpectedExceptionStatement.evaluate(ExpectedException.java:239)
	at org.junit.contrib.java.lang.system.ExpectedSystemExit$1.evaluate(ExpectedSystemExit.java:130)
	at org.junit.rules.ExternalResource$1.evaluate(ExternalResource.java:48)
	at org.junit.rules.RunRules.evaluate(RunRules.java:20)
	at org.junit.runners.ParentRunner.runLeaf(ParentRunner.java:325)
	at org.junit.runners.BlockJUnit4ClassRunner.runChild(BlockJUnit4ClassRunner.java:78)
	at org.junit.runners.BlockJUnit4ClassRunner.runChild(BlockJUnit4ClassRunner.java:57)
	at org.junit.runners.ParentRunner$3.run(ParentRunner.java:290)
	at org.junit.runners.ParentRunner$1.schedule(ParentRunner.java:71)
	at org.junit.runners.ParentRunner.runChildren(ParentRunner.java:288)
	at org.junit.runners.ParentRunner.access$000(ParentRunner.java:58)
	at org.junit.runners.ParentRunner$2.evaluate(ParentRunner.java:268)
	at org.junit.internal.runners.statements.RunBefores.evaluate(RunBefores.java:26)
	at org.junit.internal.runners.statements.RunAfters.evaluate(RunAfters.java:27)
	at org.junit.runners.ParentRunner.run(ParentRunner.java:363)
	at org.gradle.api.internal.tasks.testing.junit.JUnitTestClassExecuter.runTestClass(JUnitTestClassExecuter.java:105)
	at org.gradle.api.internal.tasks.testing.junit.JUnitTestClassExecuter.execute(JUnitTestClassExecuter.java:56)
	at org.gradle.api.internal.tasks.testing.junit.JUnitTestClassProcessor.processTestClass(JUnitTestClassProcessor.java:64)
	at org.gradle.api.internal.tasks.testing.SuiteTestClassProcessor.processTestClass(SuiteTestClassProcessor.java:50)
	at sun.reflect.NativeMethodAccessorImpl.invoke0(Native Method)
	at sun.reflect.NativeMethodAccessorImpl.invoke(NativeMethodAccessorImpl.java:62)
	at sun.reflect.DelegatingMethodAccessorImpl.invoke(DelegatingMethodAccessorImpl.java:43)
	at java.lang.reflect.Method.invoke(Method.java:498)
	at org.gradle.messaging.dispatch.ReflectionDispatch.dispatch(ReflectionDispatch.java:35)
	at org.gradle.messaging.dispatch.ReflectionDispatch.dispatch(ReflectionDispatch.java:24)
	at org.gradle.messaging.dispatch.ContextClassLoaderDispatch.dispatch(ContextClassLoaderDispatch.java:32)
	at org.gradle.messaging.dispatch.ProxyDispatchAdapter$DispatchingInvocationHandler.invoke(ProxyDispatchAdapter.java:93)
	at com.sun.proxy.$Proxy2.processTestClass(Unknown Source)
	at org.gradle.api.internal.tasks.testing.worker.TestWorker.processTestClass(TestWorker.java:106)
	at sun.reflect.NativeMethodAccessorImpl.invoke0(Native Method)
	at sun.reflect.NativeMethodAccessorImpl.invoke(NativeMethodAccessorImpl.java:62)
	at sun.reflect.DelegatingMethodAccessorImpl.invoke(DelegatingMethodAccessorImpl.java:43)
	at java.lang.reflect.Method.invoke(Method.java:498)
	at org.gradle.messaging.dispatch.ReflectionDispatch.dispatch(ReflectionDispatch.java:35)
	at org.gradle.messaging.dispatch.ReflectionDispatch.dispatch(ReflectionDispatch.java:24)
	at org.gradle.messaging.remote.internal.hub.MessageHub$Handler.run(MessageHub.java:360)
	at org.gradle.internal.concurrent.ExecutorPolicy$CatchAndRecordFailures.onExecute(ExecutorPolicy.java:54)
	at org.gradle.internal.concurrent.StoppableExecutorImpl$1.run(StoppableExecutorImpl.java:40)
	at java.util.concurrent.ThreadPoolExecutor.runWorker(ThreadPoolExecutor.java:1149)
	at java.util.concurrent.ThreadPoolExecutor$Worker.run(ThreadPoolExecutor.java:624)
	at java.lang.Thread.run(Thread.java:748)
Caused by: java.io.IOException: Cm cannot create directory /home/pierre/Documents/FAC/MASTER/GL/TEST/SXP/./.cache_0BEAeIy4CImLMOPCXfQt/cm/jxta-WorldGroup
	at net.jxta.impl.cm.XIndiceAdvertisementCache.<init>(XIndiceAdvertisementCache.java:227)
	at net.jxta.impl.cm.CacheManager.<init>(CacheManager.java:163)
	at net.jxta.impl.peergroup.StdPeerGroup.initFirst(StdPeerGroup.java:596)
	... 57 more

nov. 26, 2017 11:36:25 AM org.jboss.netty.channel.SimpleChannelUpstreamHandler
AVERTISSEMENT: EXCEPTION, please implement org.jboss.netty.channel.socket.httptunnel.TunnelWrappedServerChannelHandler.exceptionCaught() for proper handling.
java.net.BindException: Address already in use
	at sun.nio.ch.Net.bind0(Native Method)
	at sun.nio.ch.Net.bind(Net.java:433)
	at sun.nio.ch.Net.bind(Net.java:425)
	at sun.nio.ch.ServerSocketChannelImpl.bind(ServerSocketChannelImpl.java:223)
	at sun.nio.ch.ServerSocketAdaptor.bind(ServerSocketAdaptor.java:74)
	at org.jboss.netty.channel.socket.nio.NioServerSocketPipelineSink.bind(NioServerSocketPipelineSink.java:140)
	at org.jboss.netty.channel.socket.nio.NioServerSocketPipelineSink.handleServerSocket(NioServerSocketPipelineSink.java:90)
	at org.jboss.netty.channel.socket.nio.NioServerSocketPipelineSink.eventSunk(NioServerSocketPipelineSink.java:64)
	at org.jboss.netty.channel.Channels.bind(Channels.java:569)
	at org.jboss.netty.channel.AbstractChannel.bind(AbstractChannel.java:189)
	at org.jboss.netty.channel.socket.httptunnel.HttpTunnelServerChannelSink.eventSunk(HttpTunnelServerChannelSink.java:50)
	at org.jboss.netty.channel.Channels.bind(Channels.java:569)
	at org.jboss.netty.channel.AbstractChannel.bind(AbstractChannel.java:189)
	at org.jboss.netty.bootstrap.ServerBootstrap$Binder.channelOpen(ServerBootstrap.java:343)
	at org.jboss.netty.channel.Channels.fireChannelOpen(Channels.java:170)
	at org.jboss.netty.channel.socket.httptunnel.HttpTunnelServerChannel.<init>(HttpTunnelServerChannel.java:57)
	at org.jboss.netty.channel.socket.httptunnel.HttpTunnelServerChannelFactory.newChannel(HttpTunnelServerChannelFactory.java:41)
	at org.jboss.netty.channel.socket.httptunnel.HttpTunnelServerChannelFactory.newChannel(HttpTunnelServerChannelFactory.java:30)
	at org.jboss.netty.bootstrap.ServerBootstrap.bind(ServerBootstrap.java:277)
	at net.jxta.impl.endpoint.netty.NettyTransportServer.bindServerChannel(NettyTransportServer.java:122)
	at net.jxta.impl.endpoint.netty.NettyTransportServer.init(NettyTransportServer.java:83)
	at net.jxta.impl.endpoint.netty.NettyTransport.initServer(NettyTransport.java:113)
	at net.jxta.impl.endpoint.netty.NettyTransport.init(NettyTransport.java:75)
	at net.jxta.impl.peergroup.GenericPeerGroup.loadModule(GenericPeerGroup.java:677)
	at net.jxta.impl.peergroup.GenericPeerGroup.loadModule(GenericPeerGroup.java:801)
	at net.jxta.impl.peergroup.StdPeerGroup.loadAllModules(StdPeerGroup.java:295)
	at net.jxta.impl.peergroup.StdPeerGroup.initFirst(StdPeerGroup.java:842)
	at net.jxta.impl.peergroup.Platform.initFirst(Platform.java:214)
	at net.jxta.impl.peergroup.GenericPeerGroup.init(GenericPeerGroup.java:907)
	at net.jxta.peergroup.WorldPeerGroupFactory.newWorldPeerGroup(WorldPeerGroupFactory.java:312)
	at net.jxta.peergroup.WorldPeerGroupFactory.<init>(WorldPeerGroupFactory.java:182)
	at net.jxta.peergroup.NetPeerGroupFactory.<init>(NetPeerGroupFactory.java:203)
	at net.jxta.platform.NetworkManager.startNetwork(NetworkManager.java:408)
	at network.impl.jxta.JxtaNode.start(JxtaNode.java:65)
	at network.impl.jxta.JxtaNodeTest.startNodeTest(JxtaNodeTest.java:98)
	at sun.reflect.NativeMethodAccessorImpl.invoke0(Native Method)
	at sun.reflect.NativeMethodAccessorImpl.invoke(NativeMethodAccessorImpl.java:62)
	at sun.reflect.DelegatingMethodAccessorImpl.invoke(DelegatingMethodAccessorImpl.java:43)
	at java.lang.reflect.Method.invoke(Method.java:498)
	at org.junit.runners.model.FrameworkMethod$1.runReflectiveCall(FrameworkMethod.java:50)
	at org.junit.internal.runners.model.ReflectiveCallable.run(ReflectiveCallable.java:12)
	at org.junit.runners.model.FrameworkMethod.invokeExplosively(FrameworkMethod.java:47)
	at org.junit.internal.runners.statements.InvokeMethod.evaluate(InvokeMethod.java:17)
	at org.junit.rules.ExpectedException$ExpectedExceptionStatement.evaluate(ExpectedException.java:239)
	at org.junit.contrib.java.lang.system.ExpectedSystemExit$1.evaluate(ExpectedSystemExit.java:130)
	at org.junit.rules.ExternalResource$1.evaluate(ExternalResource.java:48)
	at org.junit.rules.RunRules.evaluate(RunRules.java:20)
	at org.junit.runners.ParentRunner.runLeaf(ParentRunner.java:325)
	at org.junit.runners.BlockJUnit4ClassRunner.runChild(BlockJUnit4ClassRunner.java:78)
	at org.junit.runners.BlockJUnit4ClassRunner.runChild(BlockJUnit4ClassRunner.java:57)
	at org.junit.runners.ParentRunner$3.run(ParentRunner.java:290)
	at org.junit.runners.ParentRunner$1.schedule(ParentRunner.java:71)
	at org.junit.runners.ParentRunner.runChildren(ParentRunner.java:288)
	at org.junit.runners.ParentRunner.access$000(ParentRunner.java:58)
	at org.junit.runners.ParentRunner$2.evaluate(ParentRunner.java:268)
	at org.junit.internal.runners.statements.RunBefores.evaluate(RunBefores.java:26)
	at org.junit.internal.runners.statements.RunAfters.evaluate(RunAfters.java:27)
	at org.junit.runners.ParentRunner.run(ParentRunner.java:363)
	at org.gradle.api.internal.tasks.testing.junit.JUnitTestClassExecuter.runTestClass(JUnitTestClassExecuter.java:105)
	at org.gradle.api.internal.tasks.testing.junit.JUnitTestClassExecuter.execute(JUnitTestClassExecuter.java:56)
	at org.gradle.api.internal.tasks.testing.junit.JUnitTestClassProcessor.processTestClass(JUnitTestClassProcessor.java:64)
	at org.gradle.api.internal.tasks.testing.SuiteTestClassProcessor.processTestClass(SuiteTestClassProcessor.java:50)
	at sun.reflect.NativeMethodAccessorImpl.invoke0(Native Method)
	at sun.reflect.NativeMethodAccessorImpl.invoke(NativeMethodAccessorImpl.java:62)
	at sun.reflect.DelegatingMethodAccessorImpl.invoke(DelegatingMethodAccessorImpl.java:43)
	at java.lang.reflect.Method.invoke(Method.java:498)
	at org.gradle.messaging.dispatch.ReflectionDispatch.dispatch(ReflectionDispatch.java:35)
	at org.gradle.messaging.dispatch.ReflectionDispatch.dispatch(ReflectionDispatch.java:24)
	at org.gradle.messaging.dispatch.ContextClassLoaderDispatch.dispatch(ContextClassLoaderDispatch.java:32)
	at org.gradle.messaging.dispatch.ProxyDispatchAdapter$DispatchingInvocationHandler.invoke(ProxyDispatchAdapter.java:93)
	at com.sun.proxy.$Proxy2.processTestClass(Unknown Source)
	at org.gradle.api.internal.tasks.testing.worker.TestWorker.processTestClass(TestWorker.java:106)
	at sun.reflect.NativeMethodAccessorImpl.invoke0(Native Method)
	at sun.reflect.NativeMethodAccessorImpl.invoke(NativeMethodAccessorImpl.java:62)
	at sun.reflect.DelegatingMethodAccessorImpl.invoke(DelegatingMethodAccessorImpl.java:43)
	at java.lang.reflect.Method.invoke(Method.java:498)
	at org.gradle.messaging.dispatch.ReflectionDispatch.dispatch(ReflectionDispatch.java:35)
	at org.gradle.messaging.dispatch.ReflectionDispatch.dispatch(ReflectionDispatch.java:24)
	at org.gradle.messaging.remote.internal.hub.MessageHub$Handler.run(MessageHub.java:360)
	at org.gradle.internal.concurrent.ExecutorPolicy$CatchAndRecordFailures.onExecute(ExecutorPolicy.java:54)
	at org.gradle.internal.concurrent.StoppableExecutorImpl$1.run(StoppableExecutorImpl.java:40)
	at java.util.concurrent.ThreadPoolExecutor.runWorker(ThreadPoolExecutor.java:1149)
	at java.util.concurrent.ThreadPoolExecutor$Worker.run(ThreadPoolExecutor.java:624)
	at java.lang.Thread.run(Thread.java:748)

nov. 26, 2017 11:36:25 AM net.jxta.logging.Logging logCheckedSevere
GRAVE: Line 1421 net.jxta.impl.rendezvous.rpv.PeerView.rescheduleKick()
Cannot set timer. RPV will not work.
java.util.concurrent.RejectedExecutionException: Task java.util.concurrent.ScheduledThreadPoolExecutor$ScheduledFutureTask@3fe4aa59 rejected from java.util.concurrent.ScheduledThreadPoolExecutor@41dc3b9f[Terminated, pool size = 0, active threads = 0, queued tasks = 0, completed tasks = 3]
Line 2063 java.util.concurrent.ThreadPoolExecutor$AbortPolicy.rejectedExecution()
Line 830 java.util.concurrent.ThreadPoolExecutor.reject()
Line 326 java.util.concurrent.ScheduledThreadPoolExecutor.delayedExecute()
Line 533 java.util.concurrent.ScheduledThreadPoolExecutor.schedule()
Line 729 java.util.concurrent.Executors$DelegatedScheduledExecutorService.schedule()
Line 124 net.jxta.impl.util.threads.ProxiedScheduledExecutorService.schedule()
Line 930 net.jxta.impl.rendezvous.rpv.PeerView.addTask()
Line 1417 net.jxta.impl.rendezvous.rpv.PeerView.rescheduleKick()
Line 1303 net.jxta.impl.rendezvous.rpv.PeerView.notifyFailure()
Line 380 net.jxta.impl.rendezvous.rpv.PeerViewElement.getCachedMessenger()
Line 292 net.jxta.impl.rendezvous.rpv.PeerViewElement.sendMessage()
Line 1101 net.jxta.impl.rendezvous.rpv.PeerView.send()
Line 740 net.jxta.impl.rendezvous.rpv.PeerView.handlePeerViewMessage()
Line 666 net.jxta.impl.rendezvous.rpv.PeerView.processIncomingMessage()
Line 1024 net.jxta.impl.endpoint.EndpointServiceImpl.processIncomingMessage()
Line 767 net.jxta.impl.endpoint.mcast.McastTransport.processMulticast()
Line 890 net.jxta.impl.endpoint.mcast.McastTransport$DatagramProcessor.run()
Line 17 net.jxta.impl.util.threads.RunnableAsCallableWrapper.call()
Line 50 net.jxta.impl.util.threads.RunMetricsWrapper.call()
Line 34 net.jxta.impl.util.threads.QueueTimeRunMetricsWrapper.call()
Line 93 net.jxta.impl.util.threads.RunMetricsWrapper.run()
Line 9 net.jxta.impl.util.threads.QueueTimeRunMetricsWrapper.run()
Line 1149 java.util.concurrent.ThreadPoolExecutor.runWorker()
Line 624 java.util.concurrent.ThreadPoolExecutor$Worker.run()
Line 748 java.lang.Thread.run()

nov. 26, 2017 11:36:25 AM net.jxta.logging.Logging logCheckedSevere
GRAVE: Line 1421 net.jxta.impl.rendezvous.rpv.PeerView.rescheduleKick()
Cannot set timer. RPV will not work.
java.util.concurrent.RejectedExecutionException: Task java.util.concurrent.ScheduledThreadPoolExecutor$ScheduledFutureTask@19da3760 rejected from java.util.concurrent.ScheduledThreadPoolExecutor@314d25ec[Terminated, pool size = 0, active threads = 0, queued tasks = 0, completed tasks = 3]
Line 2063 java.util.concurrent.ThreadPoolExecutor$AbortPolicy.rejectedExecution()
Line 830 java.util.concurrent.ThreadPoolExecutor.reject()
Line 326 java.util.concurrent.ScheduledThreadPoolExecutor.delayedExecute()
Line 533 java.util.concurrent.ScheduledThreadPoolExecutor.schedule()
Line 729 java.util.concurrent.Executors$DelegatedScheduledExecutorService.schedule()
Line 124 net.jxta.impl.util.threads.ProxiedScheduledExecutorService.schedule()
Line 930 net.jxta.impl.rendezvous.rpv.PeerView.addTask()
Line 1417 net.jxta.impl.rendezvous.rpv.PeerView.rescheduleKick()
Line 1303 net.jxta.impl.rendezvous.rpv.PeerView.notifyFailure()
Line 380 net.jxta.impl.rendezvous.rpv.PeerViewElement.getCachedMessenger()
Line 292 net.jxta.impl.rendezvous.rpv.PeerViewElement.sendMessage()
Line 1101 net.jxta.impl.rendezvous.rpv.PeerView.send()
Line 740 net.jxta.impl.rendezvous.rpv.PeerView.handlePeerViewMessage()
Line 666 net.jxta.impl.rendezvous.rpv.PeerView.processIncomingMessage()
Line 1024 net.jxta.impl.endpoint.EndpointServiceImpl.processIncomingMessage()
Line 767 net.jxta.impl.endpoint.mcast.McastTransport.processMulticast()
Line 890 net.jxta.impl.endpoint.mcast.McastTransport$DatagramProcessor.run()
Line 17 net.jxta.impl.util.threads.RunnableAsCallableWrapper.call()
Line 50 net.jxta.impl.util.threads.RunMetricsWrapper.call()
Line 34 net.jxta.impl.util.threads.QueueTimeRunMetricsWrapper.call()
Line 93 net.jxta.impl.util.threads.RunMetricsWrapper.run()
Line 9 net.jxta.impl.util.threads.QueueTimeRunMetricsWrapper.run()
Line 1149 java.util.concurrent.ThreadPoolExecutor.runWorker()
Line 624 java.util.concurrent.ThreadPoolExecutor$Worker.run()
Line 748 java.lang.Thread.run()

nov. 26, 2017 11:36:25 AM org.jboss.netty.channel.SimpleChannelUpstreamHandler
AVERTISSEMENT: EXCEPTION, please implement org.jboss.netty.channel.socket.httptunnel.TunnelWrappedServerChannelHandler.exceptionCaught() for proper handling.
java.net.BindException: Address already in use
	at sun.nio.ch.Net.bind0(Native Method)
	at sun.nio.ch.Net.bind(Net.java:433)
	at sun.nio.ch.Net.bind(Net.java:425)
	at sun.nio.ch.ServerSocketChannelImpl.bind(ServerSocketChannelImpl.java:223)
	at sun.nio.ch.ServerSocketAdaptor.bind(ServerSocketAdaptor.java:74)
	at org.jboss.netty.channel.socket.nio.NioServerSocketPipelineSink.bind(NioServerSocketPipelineSink.java:140)
	at org.jboss.netty.channel.socket.nio.NioServerSocketPipelineSink.handleServerSocket(NioServerSocketPipelineSink.java:90)
	at org.jboss.netty.channel.socket.nio.NioServerSocketPipelineSink.eventSunk(NioServerSocketPipelineSink.java:64)
	at org.jboss.netty.channel.Channels.bind(Channels.java:569)
	at org.jboss.netty.channel.AbstractChannel.bind(AbstractChannel.java:189)
	at org.jboss.netty.channel.socket.httptunnel.HttpTunnelServerChannelSink.eventSunk(HttpTunnelServerChannelSink.java:50)
	at org.jboss.netty.channel.Channels.bind(Channels.java:569)
	at org.jboss.netty.channel.AbstractChannel.bind(AbstractChannel.java:189)
	at org.jboss.netty.bootstrap.ServerBootstrap$Binder.channelOpen(ServerBootstrap.java:343)
	at org.jboss.netty.channel.Channels.fireChannelOpen(Channels.java:170)
	at org.jboss.netty.channel.socket.httptunnel.HttpTunnelServerChannel.<init>(HttpTunnelServerChannel.java:57)
	at org.jboss.netty.channel.socket.httptunnel.HttpTunnelServerChannelFactory.newChannel(HttpTunnelServerChannelFactory.java:41)
	at org.jboss.netty.channel.socket.httptunnel.HttpTunnelServerChannelFactory.newChannel(HttpTunnelServerChannelFactory.java:30)
	at org.jboss.netty.bootstrap.ServerBootstrap.bind(ServerBootstrap.java:277)
	at net.jxta.impl.endpoint.netty.NettyTransportServer.bindServerChannel(NettyTransportServer.java:122)
	at net.jxta.impl.endpoint.netty.NettyTransportServer.init(NettyTransportServer.java:83)
	at net.jxta.impl.endpoint.netty.NettyTransport.initServer(NettyTransport.java:113)
	at net.jxta.impl.endpoint.netty.NettyTransport.init(NettyTransport.java:75)
	at net.jxta.impl.peergroup.GenericPeerGroup.loadModule(GenericPeerGroup.java:677)
	at net.jxta.impl.peergroup.GenericPeerGroup.loadModule(GenericPeerGroup.java:801)
	at net.jxta.impl.peergroup.StdPeerGroup.loadAllModules(StdPeerGroup.java:295)
	at net.jxta.impl.peergroup.StdPeerGroup.initFirst(StdPeerGroup.java:842)
	at net.jxta.impl.peergroup.Platform.initFirst(Platform.java:214)
	at net.jxta.impl.peergroup.GenericPeerGroup.init(GenericPeerGroup.java:907)
	at net.jxta.peergroup.WorldPeerGroupFactory.newWorldPeerGroup(WorldPeerGroupFactory.java:312)
	at net.jxta.peergroup.WorldPeerGroupFactory.<init>(WorldPeerGroupFactory.java:182)
	at net.jxta.peergroup.NetPeerGroupFactory.<init>(NetPeerGroupFactory.java:203)
	at net.jxta.platform.NetworkManager.startNetwork(NetworkManager.java:408)
	at network.impl.jxta.JxtaNode.start(JxtaNode.java:65)
	at network.impl.jxta.JxtaNodeTest.stopTest(JxtaNodeTest.java:130)
	at sun.reflect.NativeMethodAccessorImpl.invoke0(Native Method)
	at sun.reflect.NativeMethodAccessorImpl.invoke(NativeMethodAccessorImpl.java:62)
	at sun.reflect.DelegatingMethodAccessorImpl.invoke(DelegatingMethodAccessorImpl.java:43)
	at java.lang.reflect.Method.invoke(Method.java:498)
	at org.junit.runners.model.FrameworkMethod$1.runReflectiveCall(FrameworkMethod.java:50)
	at org.junit.internal.runners.model.ReflectiveCallable.run(ReflectiveCallable.java:12)
	at org.junit.runners.model.FrameworkMethod.invokeExplosively(FrameworkMethod.java:47)
	at org.junit.internal.runners.statements.InvokeMethod.evaluate(InvokeMethod.java:17)
	at org.junit.rules.ExpectedException$ExpectedExceptionStatement.evaluate(ExpectedException.java:239)
	at org.junit.contrib.java.lang.system.ExpectedSystemExit$1.evaluate(ExpectedSystemExit.java:130)
	at org.junit.rules.ExternalResource$1.evaluate(ExternalResource.java:48)
	at org.junit.rules.RunRules.evaluate(RunRules.java:20)
	at org.junit.runners.ParentRunner.runLeaf(ParentRunner.java:325)
	at org.junit.runners.BlockJUnit4ClassRunner.runChild(BlockJUnit4ClassRunner.java:78)
	at org.junit.runners.BlockJUnit4ClassRunner.runChild(BlockJUnit4ClassRunner.java:57)
	at org.junit.runners.ParentRunner$3.run(ParentRunner.java:290)
	at org.junit.runners.ParentRunner$1.schedule(ParentRunner.java:71)
	at org.junit.runners.ParentRunner.runChildren(ParentRunner.java:288)
	at org.junit.runners.ParentRunner.access$000(ParentRunner.java:58)
	at org.junit.runners.ParentRunner$2.evaluate(ParentRunner.java:268)
	at org.junit.internal.runners.statements.RunBefores.evaluate(RunBefores.java:26)
	at org.junit.internal.runners.statements.RunAfters.evaluate(RunAfters.java:27)
	at org.junit.runners.ParentRunner.run(ParentRunner.java:363)
	at org.gradle.api.internal.tasks.testing.junit.JUnitTestClassExecuter.runTestClass(JUnitTestClassExecuter.java:105)
	at org.gradle.api.internal.tasks.testing.junit.JUnitTestClassExecuter.execute(JUnitTestClassExecuter.java:56)
	at org.gradle.api.internal.tasks.testing.junit.JUnitTestClassProcessor.processTestClass(JUnitTestClassProcessor.java:64)
	at org.gradle.api.internal.tasks.testing.SuiteTestClassProcessor.processTestClass(SuiteTestClassProcessor.java:50)
	at sun.reflect.NativeMethodAccessorImpl.invoke0(Native Method)
	at sun.reflect.NativeMethodAccessorImpl.invoke(NativeMethodAccessorImpl.java:62)
	at sun.reflect.DelegatingMethodAccessorImpl.invoke(DelegatingMethodAccessorImpl.java:43)
	at java.lang.reflect.Method.invoke(Method.java:498)
	at org.gradle.messaging.dispatch.ReflectionDispatch.dispatch(ReflectionDispatch.java:35)
	at org.gradle.messaging.dispatch.ReflectionDispatch.dispatch(ReflectionDispatch.java:24)
	at org.gradle.messaging.dispatch.ContextClassLoaderDispatch.dispatch(ContextClassLoaderDispatch.java:32)
	at org.gradle.messaging.dispatch.ProxyDispatchAdapter$DispatchingInvocationHandler.invoke(ProxyDispatchAdapter.java:93)
	at com.sun.proxy.$Proxy2.processTestClass(Unknown Source)
	at org.gradle.api.internal.tasks.testing.worker.TestWorker.processTestClass(TestWorker.java:106)
	at sun.reflect.NativeMethodAccessorImpl.invoke0(Native Method)
	at sun.reflect.NativeMethodAccessorImpl.invoke(NativeMethodAccessorImpl.java:62)
	at sun.reflect.DelegatingMethodAccessorImpl.invoke(DelegatingMethodAccessorImpl.java:43)
	at java.lang.reflect.Method.invoke(Method.java:498)
	at org.gradle.messaging.dispatch.ReflectionDispatch.dispatch(ReflectionDispatch.java:35)
	at org.gradle.messaging.dispatch.ReflectionDispatch.dispatch(ReflectionDispatch.java:24)
	at org.gradle.messaging.remote.internal.hub.MessageHub$Handler.run(MessageHub.java:360)
	at org.gradle.internal.concurrent.ExecutorPolicy$CatchAndRecordFailures.onExecute(ExecutorPolicy.java:54)
	at org.gradle.internal.concurrent.StoppableExecutorImpl$1.run(StoppableExecutorImpl.java:40)
	at java.util.concurrent.ThreadPoolExecutor.runWorker(ThreadPoolExecutor.java:1149)
	at java.util.concurrent.ThreadPoolExecutor$Worker.run(ThreadPoolExecutor.java:624)
	at java.lang.Thread.run(Thread.java:748)

nov. 26, 2017 11:36:25 AM org.jboss.netty.channel.SimpleChannelUpstreamHandler
AVERTISSEMENT: EXCEPTION, please implement org.jboss.netty.channel.socket.httptunnel.TunnelWrappedServerChannelHandler.exceptionCaught() for proper handling.
java.net.BindException: Address already in use
	at sun.nio.ch.Net.bind0(Native Method)
	at sun.nio.ch.Net.bind(Net.java:433)
	at sun.nio.ch.Net.bind(Net.java:425)
	at sun.nio.ch.ServerSocketChannelImpl.bind(ServerSocketChannelImpl.java:223)
	at sun.nio.ch.ServerSocketAdaptor.bind(ServerSocketAdaptor.java:74)
	at org.jboss.netty.channel.socket.nio.NioServerSocketPipelineSink.bind(NioServerSocketPipelineSink.java:140)
	at org.jboss.netty.channel.socket.nio.NioServerSocketPipelineSink.handleServerSocket(NioServerSocketPipelineSink.java:90)
	at org.jboss.netty.channel.socket.nio.NioServerSocketPipelineSink.eventSunk(NioServerSocketPipelineSink.java:64)
	at org.jboss.netty.channel.Channels.bind(Channels.java:569)
	at org.jboss.netty.channel.AbstractChannel.bind(AbstractChannel.java:189)
	at org.jboss.netty.channel.socket.httptunnel.HttpTunnelServerChannelSink.eventSunk(HttpTunnelServerChannelSink.java:50)
	at org.jboss.netty.channel.Channels.bind(Channels.java:569)
	at org.jboss.netty.channel.AbstractChannel.bind(AbstractChannel.java:189)
	at org.jboss.netty.bootstrap.ServerBootstrap$Binder.channelOpen(ServerBootstrap.java:343)
	at org.jboss.netty.channel.Channels.fireChannelOpen(Channels.java:170)
	at org.jboss.netty.channel.socket.httptunnel.HttpTunnelServerChannel.<init>(HttpTunnelServerChannel.java:57)
	at org.jboss.netty.channel.socket.httptunnel.HttpTunnelServerChannelFactory.newChannel(HttpTunnelServerChannelFactory.java:41)
	at org.jboss.netty.channel.socket.httptunnel.HttpTunnelServerChannelFactory.newChannel(HttpTunnelServerChannelFactory.java:30)
	at org.jboss.netty.bootstrap.ServerBootstrap.bind(ServerBootstrap.java:277)
	at net.jxta.impl.endpoint.netty.NettyTransportServer.bindServerChannel(NettyTransportServer.java:122)
	at net.jxta.impl.endpoint.netty.NettyTransportServer.init(NettyTransportServer.java:83)
	at net.jxta.impl.endpoint.netty.NettyTransport.initServer(NettyTransport.java:113)
	at net.jxta.impl.endpoint.netty.NettyTransport.init(NettyTransport.java:75)
	at net.jxta.impl.peergroup.GenericPeerGroup.loadModule(GenericPeerGroup.java:677)
	at net.jxta.impl.peergroup.GenericPeerGroup.loadModule(GenericPeerGroup.java:801)
	at net.jxta.impl.peergroup.StdPeerGroup.loadAllModules(StdPeerGroup.java:295)
	at net.jxta.impl.peergroup.StdPeerGroup.initFirst(StdPeerGroup.java:842)
	at net.jxta.impl.peergroup.Platform.initFirst(Platform.java:214)
	at net.jxta.impl.peergroup.GenericPeerGroup.init(GenericPeerGroup.java:907)
	at net.jxta.peergroup.WorldPeerGroupFactory.newWorldPeerGroup(WorldPeerGroupFactory.java:312)
	at net.jxta.peergroup.WorldPeerGroupFactory.<init>(WorldPeerGroupFactory.java:182)
	at net.jxta.peergroup.NetPeerGroupFactory.<init>(NetPeerGroupFactory.java:203)
	at net.jxta.platform.NetworkManager.startNetwork(NetworkManager.java:408)
	at network.impl.jxta.JxtaNode.start(JxtaNode.java:65)
	at network.impl.jxta.JxtaNodeTest.stopTest(JxtaNodeTest.java:130)
	at sun.reflect.NativeMethodAccessorImpl.invoke0(Native Method)
	at sun.reflect.NativeMethodAccessorImpl.invoke(NativeMethodAccessorImpl.java:62)
	at sun.reflect.DelegatingMethodAccessorImpl.invoke(DelegatingMethodAccessorImpl.java:43)
	at java.lang.reflect.Method.invoke(Method.java:498)
	at org.junit.runners.model.FrameworkMethod$1.runReflectiveCall(FrameworkMethod.java:50)
	at org.junit.internal.runners.model.ReflectiveCallable.run(ReflectiveCallable.java:12)
	at org.junit.runners.model.FrameworkMethod.invokeExplosively(FrameworkMethod.java:47)
	at org.junit.internal.runners.statements.InvokeMethod.evaluate(InvokeMethod.java:17)
	at org.junit.rules.ExpectedException$ExpectedExceptionStatement.evaluate(ExpectedException.java:239)
	at org.junit.contrib.java.lang.system.ExpectedSystemExit$1.evaluate(ExpectedSystemExit.java:130)
	at org.junit.rules.ExternalResource$1.evaluate(ExternalResource.java:48)
	at org.junit.rules.RunRules.evaluate(RunRules.java:20)
	at org.junit.runners.ParentRunner.runLeaf(ParentRunner.java:325)
	at org.junit.runners.BlockJUnit4ClassRunner.runChild(BlockJUnit4ClassRunner.java:78)
	at org.junit.runners.BlockJUnit4ClassRunner.runChild(BlockJUnit4ClassRunner.java:57)
	at org.junit.runners.ParentRunner$3.run(ParentRunner.java:290)
	at org.junit.runners.ParentRunner$1.schedule(ParentRunner.java:71)
	at org.junit.runners.ParentRunner.runChildren(ParentRunner.java:288)
	at org.junit.runners.ParentRunner.access$000(ParentRunner.java:58)
	at org.junit.runners.ParentRunner$2.evaluate(ParentRunner.java:268)
	at org.junit.internal.runners.statements.RunBefores.evaluate(RunBefores.java:26)
	at org.junit.internal.runners.statements.RunAfters.evaluate(RunAfters.java:27)
	at org.junit.runners.ParentRunner.run(ParentRunner.java:363)
	at org.gradle.api.internal.tasks.testing.junit.JUnitTestClassExecuter.runTestClass(JUnitTestClassExecuter.java:105)
	at org.gradle.api.internal.tasks.testing.junit.JUnitTestClassExecuter.execute(JUnitTestClassExecuter.java:56)
	at org.gradle.api.internal.tasks.testing.junit.JUnitTestClassProcessor.processTestClass(JUnitTestClassProcessor.java:64)
	at org.gradle.api.internal.tasks.testing.SuiteTestClassProcessor.processTestClass(SuiteTestClassProcessor.java:50)
	at sun.reflect.NativeMethodAccessorImpl.invoke0(Native Method)
	at sun.reflect.NativeMethodAccessorImpl.invoke(NativeMethodAccessorImpl.java:62)
	at sun.reflect.DelegatingMethodAccessorImpl.invoke(DelegatingMethodAccessorImpl.java:43)
	at java.lang.reflect.Method.invoke(Method.java:498)
	at org.gradle.messaging.dispatch.ReflectionDispatch.dispatch(ReflectionDispatch.java:35)
	at org.gradle.messaging.dispatch.ReflectionDispatch.dispatch(ReflectionDispatch.java:24)
	at org.gradle.messaging.dispatch.ContextClassLoaderDispatch.dispatch(ContextClassLoaderDispatch.java:32)
	at org.gradle.messaging.dispatch.ProxyDispatchAdapter$DispatchingInvocationHandler.invoke(ProxyDispatchAdapter.java:93)
	at com.sun.proxy.$Proxy2.processTestClass(Unknown Source)
	at org.gradle.api.internal.tasks.testing.worker.TestWorker.processTestClass(TestWorker.java:106)
	at sun.reflect.NativeMethodAccessorImpl.invoke0(Native Method)
	at sun.reflect.NativeMethodAccessorImpl.invoke(NativeMethodAccessorImpl.java:62)
	at sun.reflect.DelegatingMethodAccessorImpl.invoke(DelegatingMethodAccessorImpl.java:43)
	at java.lang.reflect.Method.invoke(Method.java:498)
	at org.gradle.messaging.dispatch.ReflectionDispatch.dispatch(ReflectionDispatch.java:35)
	at org.gradle.messaging.dispatch.ReflectionDispatch.dispatch(ReflectionDispatch.java:24)
	at org.gradle.messaging.remote.internal.hub.MessageHub$Handler.run(MessageHub.java:360)
	at org.gradle.internal.concurrent.ExecutorPolicy$CatchAndRecordFailures.onExecute(ExecutorPolicy.java:54)
	at org.gradle.internal.concurrent.StoppableExecutorImpl$1.run(StoppableExecutorImpl.java:40)
	at java.util.concurrent.ThreadPoolExecutor.runWorker(ThreadPoolExecutor.java:1149)
	at java.util.concurrent.ThreadPoolExecutor$Worker.run(ThreadPoolExecutor.java:624)
	at java.lang.Thread.run(Thread.java:748)

nov. 26, 2017 11:36:25 AM net.jxta.logging.Logging logCheckedSevere
GRAVE: Line 1421 net.jxta.impl.rendezvous.rpv.PeerView.rescheduleKick()
Cannot set timer. RPV will not work.
java.util.concurrent.RejectedExecutionException: Task java.util.concurrent.ScheduledThreadPoolExecutor$ScheduledFutureTask@73ca33ea rejected from java.util.concurrent.ScheduledThreadPoolExecutor@41dc3b9f[Terminated, pool size = 0, active threads = 0, queued tasks = 0, completed tasks = 3]
Line 2063 java.util.concurrent.ThreadPoolExecutor$AbortPolicy.rejectedExecution()
Line 830 java.util.concurrent.ThreadPoolExecutor.reject()
Line 326 java.util.concurrent.ScheduledThreadPoolExecutor.delayedExecute()
Line 533 java.util.concurrent.ScheduledThreadPoolExecutor.schedule()
Line 729 java.util.concurrent.Executors$DelegatedScheduledExecutorService.schedule()
Line 124 net.jxta.impl.util.threads.ProxiedScheduledExecutorService.schedule()
Line 930 net.jxta.impl.rendezvous.rpv.PeerView.addTask()
Line 1417 net.jxta.impl.rendezvous.rpv.PeerView.rescheduleKick()
Line 1303 net.jxta.impl.rendezvous.rpv.PeerView.notifyFailure()
Line 380 net.jxta.impl.rendezvous.rpv.PeerViewElement.getCachedMessenger()
Line 292 net.jxta.impl.rendezvous.rpv.PeerViewElement.sendMessage()
Line 1101 net.jxta.impl.rendezvous.rpv.PeerView.send()
Line 740 net.jxta.impl.rendezvous.rpv.PeerView.handlePeerViewMessage()
Line 666 net.jxta.impl.rendezvous.rpv.PeerView.processIncomingMessage()
Line 1024 net.jxta.impl.endpoint.EndpointServiceImpl.processIncomingMessage()
Line 767 net.jxta.impl.endpoint.mcast.McastTransport.processMulticast()
Line 890 net.jxta.impl.endpoint.mcast.McastTransport$DatagramProcessor.run()
Line 17 net.jxta.impl.util.threads.RunnableAsCallableWrapper.call()
Line 50 net.jxta.impl.util.threads.RunMetricsWrapper.call()
Line 34 net.jxta.impl.util.threads.QueueTimeRunMetricsWrapper.call()
Line 93 net.jxta.impl.util.threads.RunMetricsWrapper.run()
Line 9 net.jxta.impl.util.threads.QueueTimeRunMetricsWrapper.run()
Line 1149 java.util.concurrent.ThreadPoolExecutor.runWorker()
Line 624 java.util.concurrent.ThreadPoolExecutor$Worker.run()
Line 748 java.lang.Thread.run()

nov. 26, 2017 11:36:25 AM net.jxta.logging.Logging logCheckedSevere
GRAVE: Line 1421 net.jxta.impl.rendezvous.rpv.PeerView.rescheduleKick()
Cannot set timer. RPV will not work.
java.util.concurrent.RejectedExecutionException: Task java.util.concurrent.ScheduledThreadPoolExecutor$ScheduledFutureTask@1164ffbd rejected from java.util.concurrent.ScheduledThreadPoolExecutor@314d25ec[Terminated, pool size = 0, active threads = 0, queued tasks = 0, completed tasks = 3]
Line 2063 java.util.concurrent.ThreadPoolExecutor$AbortPolicy.rejectedExecution()
Line 830 java.util.concurrent.ThreadPoolExecutor.reject()
Line 326 java.util.concurrent.ScheduledThreadPoolExecutor.delayedExecute()
Line 533 java.util.concurrent.ScheduledThreadPoolExecutor.schedule()
Line 729 java.util.concurrent.Executors$DelegatedScheduledExecutorService.schedule()
Line 124 net.jxta.impl.util.threads.ProxiedScheduledExecutorService.schedule()
Line 930 net.jxta.impl.rendezvous.rpv.PeerView.addTask()
Line 1417 net.jxta.impl.rendezvous.rpv.PeerView.rescheduleKick()
Line 1303 net.jxta.impl.rendezvous.rpv.PeerView.notifyFailure()
Line 380 net.jxta.impl.rendezvous.rpv.PeerViewElement.getCachedMessenger()
Line 292 net.jxta.impl.rendezvous.rpv.PeerViewElement.sendMessage()
Line 1101 net.jxta.impl.rendezvous.rpv.PeerView.send()
Line 740 net.jxta.impl.rendezvous.rpv.PeerView.handlePeerViewMessage()
Line 666 net.jxta.impl.rendezvous.rpv.PeerView.processIncomingMessage()
Line 1024 net.jxta.impl.endpoint.EndpointServiceImpl.processIncomingMessage()
Line 767 net.jxta.impl.endpoint.mcast.McastTransport.processMulticast()
Line 890 net.jxta.impl.endpoint.mcast.McastTransport$DatagramProcessor.run()
Line 17 net.jxta.impl.util.threads.RunnableAsCallableWrapper.call()
Line 50 net.jxta.impl.util.threads.RunMetricsWrapper.call()
Line 34 net.jxta.impl.util.threads.QueueTimeRunMetricsWrapper.call()
Line 93 net.jxta.impl.util.threads.RunMetricsWrapper.run()
Line 9 net.jxta.impl.util.threads.QueueTimeRunMetricsWrapper.run()
Line 1149 java.util.concurrent.ThreadPoolExecutor.runWorker()
Line 624 java.util.concurrent.ThreadPoolExecutor$Worker.run()
Line 748 java.lang.Thread.run()

]]></system-err>
</testsuite>
