<?xml version="1.0" encoding="UTF-8"?>
<testsuite name="network.utils.IpCheckerTest" tests="1" skipped="0" failures="0" errors="0" timestamp="2017-11-26T10:36:33" hostname="rexmint" time="0.235">
  <properties/>
  <testcase name="test" classname="network.utils.IpCheckerTest" time="0.235"/>
  <system-out><![CDATA[]]></system-out>
  <system-err><![CDATA[]]></system-err>
</testsuite>
