<?xml version="1.0" encoding="UTF-8"?>
<testsuite name="network.impl.advertisement.UserAdvertisementTest" tests="2" skipped="0" failures="0" errors="0" timestamp="2017-11-26T10:36:21" hostname="rexmint" time="0.488">
  <properties/>
  <testcase name="getterTest" classname="network.impl.advertisement.UserAdvertisementTest" time="0.487"/>
  <testcase name="fieldsAnnotationsTest" classname="network.impl.advertisement.UserAdvertisementTest" time="0.001"/>
  <system-out><![CDATA[]]></system-out>
  <system-err><![CDATA[]]></system-err>
</testsuite>
